<?xml version="1.0" encoding="UTF-8"?>
<con:soapui-project id="0ec8a4c3-01ed-47a3-85ac-c3bfc55736ef" activeEnvironment="Default" name="test" resourceRoot="" soapui-version="5.2.1" xmlns:con="http://eviware.com/soapui/config"><con:settings/><con:interface xsi:type="con:WsdlInterface" id="1a8b0209-33a2-4fa9-98ff-3a15697535de" wsaVersion="NONE" name="WeatherSoap12" type="wsdl" bindingName="{http://ws.cdyne.com/WeatherWS/}WeatherSoap12" soapVersion="1_2" anonymous="optional" definition="http://wsf.cdyne.com/WeatherWS/Weather.asmx?WSDL" xmlns:xsi="http://www.w3.org/2001/XMLSchema-instance"><con:settings/><con:definitionCache/><con:endpoints><con:endpoint>http://wsf.cdyne.com/WeatherWS/Weather.asmx</con:endpoint></con:endpoints><con:operation id="967597a7-21d1-4ca1-9613-725d619a6ab3" isOneWay="false" action="http://ws.cdyne.com/WeatherWS/GetCityForecastByZIP" name="GetCityForecastByZIP" bindingOperationName="GetCityForecastByZIP" type="Request-Response" inputName="" receivesAttachments="false" sendsAttachments="false" anonymous="optional"><con:settings/><con:call id="e32c7b35-32fb-44ff-a817-4b4afffd86e9" name="Request 1"><con:settings/><con:encoding>UTF-8</con:encoding><con:endpoint>http://wsf.cdyne.com/WeatherWS/Weather.asmx</con:endpoint><con:request><![CDATA[<soap:Envelope xmlns:soap="http://www.w3.org/2003/05/soap-envelope" xmlns:weat="http://ws.cdyne.com/WeatherWS/">
   <soap:Header/>
   <soap:Body>
      <weat:GetCityForecastByZIP>
         <!--Optional:-->
         <weat:ZIP>?</weat:ZIP>
      </weat:GetCityForecastByZIP>
   </soap:Body>
</soap:Envelope>]]></con:request><con:wsaConfig mustUnderstand="NONE" version="200508" action="http://ws.cdyne.com/WeatherWS/WeatherSoap/GetCityForecastByZIPRequest"/></con:call></con:operation><con:operation id="abbf64de-6d5c-4eae-b294-cea088961bfe" isOneWay="false" action="http://ws.cdyne.com/WeatherWS/GetCityWeatherByZIP" name="GetCityWeatherByZIP" bindingOperationName="GetCityWeatherByZIP" type="Request-Response" inputName="" receivesAttachments="false" sendsAttachments="false" anonymous="optional"><con:settings/><con:call id="70693eea-b3d4-4ad3-af66-6a3f9c843543" name="Request 1"><con:settings/><con:encoding>UTF-8</con:encoding><con:endpoint>http://wsf.cdyne.com/WeatherWS/Weather.asmx</con:endpoint><con:request><![CDATA[<soap:Envelope xmlns:soap="http://www.w3.org/2003/05/soap-envelope" xmlns:weat="http://ws.cdyne.com/WeatherWS/">
   <soap:Header/>
   <soap:Body>
      <weat:GetCityWeatherByZIP>
         <!--Optional:-->
         <weat:ZIP>?</weat:ZIP>
      </weat:GetCityWeatherByZIP>
   </soap:Body>
</soap:Envelope>]]></con:request><con:wsaConfig mustUnderstand="NONE" version="200508" action="http://ws.cdyne.com/WeatherWS/WeatherSoap/GetCityWeatherByZIPRequest"/></con:call></con:operation><con:operation id="86ef8971-bdc7-4413-8874-3127f7064ac4" isOneWay="false" action="http://ws.cdyne.com/WeatherWS/GetWeatherInformation" name="GetWeatherInformation" bindingOperationName="GetWeatherInformation" type="Request-Response" inputName="" receivesAttachments="false" sendsAttachments="false" anonymous="optional"><con:settings/><con:call id="60d95651-3a3f-4d04-92d9-87df1d481a73" name="Request 1"><con:settings/><con:encoding>UTF-8</con:encoding><con:endpoint>http://wsf.cdyne.com/WeatherWS/Weather.asmx</con:endpoint><con:request><![CDATA[<soap:Envelope xmlns:soap="http://www.w3.org/2003/05/soap-envelope" xmlns:weat="http://ws.cdyne.com/WeatherWS/">
   <soap:Header/>
   <soap:Body>
      <weat:GetWeatherInformation/>
   </soap:Body>
</soap:Envelope>]]></con:request><con:wsaConfig mustUnderstand="NONE" version="200508" action="http://ws.cdyne.com/WeatherWS/WeatherSoap/GetWeatherInformationRequest"/></con:call></con:operation></con:interface><con:interface xsi:type="con:WsdlInterface" id="e8e68b08-b4a0-4421-98f9-68819d53fbd2" wsaVersion="NONE" name="WeatherSoap" type="wsdl" bindingName="{http://ws.cdyne.com/WeatherWS/}WeatherSoap" soapVersion="1_1" anonymous="optional" definition="http://wsf.cdyne.com/WeatherWS/Weather.asmx?WSDL" xmlns:xsi="http://www.w3.org/2001/XMLSchema-instance"><con:settings/><con:definitionCache type="TEXT" rootPart="http://wsf.cdyne.com/WeatherWS/Weather.asmx?WSDL"><con:part><con:url>http://wsf.cdyne.com/WeatherWS/Weather.asmx?WSDL</con:url><con:content><![CDATA[<wsdl:definitions targetNamespace="http://ws.cdyne.com/WeatherWS/" xmlns:s="http://www.w3.org/2001/XMLSchema" xmlns:soap12="http://schemas.xmlsoap.org/wsdl/soap12/" xmlns:mime="http://schemas.xmlsoap.org/wsdl/mime/" xmlns:tns="http://ws.cdyne.com/WeatherWS/" xmlns:soap="http://schemas.xmlsoap.org/wsdl/soap/" xmlns:tm="http://microsoft.com/wsdl/mime/textMatching/" xmlns:http="http://schemas.xmlsoap.org/wsdl/http/" xmlns:soapenc="http://schemas.xmlsoap.org/soap/encoding/" xmlns:wsdl="http://schemas.xmlsoap.org/wsdl/">
  <wsdl:types>
    <s:schema elementFormDefault="qualified" targetNamespace="http://ws.cdyne.com/WeatherWS/">
      <s:element name="GetWeatherInformation">
        <s:complexType/>
      </s:element>
      <s:element name="GetWeatherInformationResponse">
        <s:complexType>
          <s:sequence>
            <s:element minOccurs="0" maxOccurs="1" name="GetWeatherInformationResult" type="tns:ArrayOfWeatherDescription"/>
          </s:sequence>
        </s:complexType>
      </s:element>
      <s:complexType name="ArrayOfWeatherDescription">
        <s:sequence>
          <s:element minOccurs="0" maxOccurs="unbounded" name="WeatherDescription" type="tns:WeatherDescription"/>
        </s:sequence>
      </s:complexType>
      <s:complexType name="WeatherDescription">
        <s:sequence>
          <s:element minOccurs="1" maxOccurs="1" name="WeatherID" type="s:short"/>
          <s:element minOccurs="0" maxOccurs="1" name="Description" type="s:string"/>
          <s:element minOccurs="0" maxOccurs="1" name="PictureURL" type="s:string"/>
        </s:sequence>
      </s:complexType>
      <s:element name="GetCityForecastByZIP">
        <s:complexType>
          <s:sequence>
            <s:element minOccurs="0" maxOccurs="1" name="ZIP" type="s:string"/>
          </s:sequence>
        </s:complexType>
      </s:element>
      <s:element name="GetCityForecastByZIPResponse">
        <s:complexType>
          <s:sequence>
            <s:element minOccurs="0" maxOccurs="1" name="GetCityForecastByZIPResult" type="tns:ForecastReturn"/>
          </s:sequence>
        </s:complexType>
      </s:element>
      <s:complexType name="ForecastReturn">
        <s:sequence>
          <s:element minOccurs="1" maxOccurs="1" name="Success" type="s:boolean"/>
          <s:element minOccurs="0" maxOccurs="1" name="ResponseText" type="s:string"/>
          <s:element minOccurs="0" maxOccurs="1" name="State" type="s:string"/>
          <s:element minOccurs="0" maxOccurs="1" name="City" type="s:string"/>
          <s:element minOccurs="0" maxOccurs="1" name="WeatherStationCity" type="s:string"/>
          <s:element minOccurs="0" maxOccurs="1" name="ForecastResult" type="tns:ArrayOfForecast"/>
        </s:sequence>
      </s:complexType>
      <s:complexType name="ArrayOfForecast">
        <s:sequence>
          <s:element minOccurs="0" maxOccurs="unbounded" name="Forecast" nillable="true" type="tns:Forecast"/>
        </s:sequence>
      </s:complexType>
      <s:complexType name="Forecast">
        <s:sequence>
          <s:element minOccurs="1" maxOccurs="1" name="Date" type="s:dateTime"/>
          <s:element minOccurs="1" maxOccurs="1" name="WeatherID" type="s:short"/>
          <s:element minOccurs="0" maxOccurs="1" name="Desciption" type="s:string"/>
          <s:element minOccurs="1" maxOccurs="1" name="Temperatures" type="tns:temp"/>
          <s:element minOccurs="1" maxOccurs="1" name="ProbabilityOfPrecipiation" type="tns:POP"/>
        </s:sequence>
      </s:complexType>
      <s:complexType name="temp">
        <s:sequence>
          <s:element minOccurs="0" maxOccurs="1" name="MorningLow" type="s:string"/>
          <s:element minOccurs="0" maxOccurs="1" name="DaytimeHigh" type="s:string"/>
        </s:sequence>
      </s:complexType>
      <s:complexType name="POP">
        <s:sequence>
          <s:element minOccurs="0" maxOccurs="1" name="Nighttime" type="s:string"/>
          <s:element minOccurs="0" maxOccurs="1" name="Daytime" type="s:string"/>
        </s:sequence>
      </s:complexType>
      <s:element name="GetCityWeatherByZIP">
        <s:complexType>
          <s:sequence>
            <s:element minOccurs="0" maxOccurs="1" name="ZIP" type="s:string"/>
          </s:sequence>
        </s:complexType>
      </s:element>
      <s:element name="GetCityWeatherByZIPResponse">
        <s:complexType>
          <s:sequence>
            <s:element minOccurs="1" maxOccurs="1" name="GetCityWeatherByZIPResult" type="tns:WeatherReturn"/>
          </s:sequence>
        </s:complexType>
      </s:element>
      <s:complexType name="WeatherReturn">
        <s:sequence>
          <s:element minOccurs="1" maxOccurs="1" name="Success" type="s:boolean"/>
          <s:element minOccurs="0" maxOccurs="1" name="ResponseText" type="s:string"/>
          <s:element minOccurs="0" maxOccurs="1" name="State" type="s:string"/>
          <s:element minOccurs="0" maxOccurs="1" name="City" type="s:string"/>
          <s:element minOccurs="0" maxOccurs="1" name="WeatherStationCity" type="s:string"/>
          <s:element minOccurs="1" maxOccurs="1" name="WeatherID" type="s:short"/>
          <s:element minOccurs="0" maxOccurs="1" name="Description" type="s:string"/>
          <s:element minOccurs="0" maxOccurs="1" name="Temperature" type="s:string"/>
          <s:element minOccurs="0" maxOccurs="1" name="RelativeHumidity" type="s:string"/>
          <s:element minOccurs="0" maxOccurs="1" name="Wind" type="s:string"/>
          <s:element minOccurs="0" maxOccurs="1" name="Pressure" type="s:string"/>
          <s:element minOccurs="0" maxOccurs="1" name="Visibility" type="s:string"/>
          <s:element minOccurs="0" maxOccurs="1" name="WindChill" type="s:string"/>
          <s:element minOccurs="0" maxOccurs="1" name="Remarks" type="s:string"/>
        </s:sequence>
      </s:complexType>
      <s:element name="ArrayOfWeatherDescription" nillable="true" type="tns:ArrayOfWeatherDescription"/>
      <s:element name="ForecastReturn" nillable="true" type="tns:ForecastReturn"/>
      <s:element name="WeatherReturn" type="tns:WeatherReturn"/>
    </s:schema>
  </wsdl:types>
  <wsdl:message name="GetWeatherInformationSoapIn">
    <wsdl:part name="parameters" element="tns:GetWeatherInformation"/>
  </wsdl:message>
  <wsdl:message name="GetWeatherInformationSoapOut">
    <wsdl:part name="parameters" element="tns:GetWeatherInformationResponse"/>
  </wsdl:message>
  <wsdl:message name="GetCityForecastByZIPSoapIn">
    <wsdl:part name="parameters" element="tns:GetCityForecastByZIP"/>
  </wsdl:message>
  <wsdl:message name="GetCityForecastByZIPSoapOut">
    <wsdl:part name="parameters" element="tns:GetCityForecastByZIPResponse"/>
  </wsdl:message>
  <wsdl:message name="GetCityWeatherByZIPSoapIn">
    <wsdl:part name="parameters" element="tns:GetCityWeatherByZIP"/>
  </wsdl:message>
  <wsdl:message name="GetCityWeatherByZIPSoapOut">
    <wsdl:part name="parameters" element="tns:GetCityWeatherByZIPResponse"/>
  </wsdl:message>
  <wsdl:message name="GetWeatherInformationHttpGetIn"/>
  <wsdl:message name="GetWeatherInformationHttpGetOut">
    <wsdl:part name="Body" element="tns:ArrayOfWeatherDescription"/>
  </wsdl:message>
  <wsdl:message name="GetCityForecastByZIPHttpGetIn">
    <wsdl:part name="ZIP" type="s:string"/>
  </wsdl:message>
  <wsdl:message name="GetCityForecastByZIPHttpGetOut">
    <wsdl:part name="Body" element="tns:ForecastReturn"/>
  </wsdl:message>
  <wsdl:message name="GetCityWeatherByZIPHttpGetIn">
    <wsdl:part name="ZIP" type="s:string"/>
  </wsdl:message>
  <wsdl:message name="GetCityWeatherByZIPHttpGetOut">
    <wsdl:part name="Body" element="tns:WeatherReturn"/>
  </wsdl:message>
  <wsdl:message name="GetWeatherInformationHttpPostIn"/>
  <wsdl:message name="GetWeatherInformationHttpPostOut">
    <wsdl:part name="Body" element="tns:ArrayOfWeatherDescription"/>
  </wsdl:message>
  <wsdl:message name="GetCityForecastByZIPHttpPostIn">
    <wsdl:part name="ZIP" type="s:string"/>
  </wsdl:message>
  <wsdl:message name="GetCityForecastByZIPHttpPostOut">
    <wsdl:part name="Body" element="tns:ForecastReturn"/>
  </wsdl:message>
  <wsdl:message name="GetCityWeatherByZIPHttpPostIn">
    <wsdl:part name="ZIP" type="s:string"/>
  </wsdl:message>
  <wsdl:message name="GetCityWeatherByZIPHttpPostOut">
    <wsdl:part name="Body" element="tns:WeatherReturn"/>
  </wsdl:message>
  <wsdl:portType name="WeatherSoap">
    <wsdl:operation name="GetWeatherInformation">
      <wsdl:documentation>Gets Information for each WeatherID</wsdl:documentation>
      <wsdl:input message="tns:GetWeatherInformationSoapIn"/>
      <wsdl:output message="tns:GetWeatherInformationSoapOut"/>
    </wsdl:operation>
    <wsdl:operation name="GetCityForecastByZIP">
      <wsdl:documentation>Allows you to get your City Forecast Over the Next 7 Days, which is updated hourly. U.S. Only</wsdl:documentation>
      <wsdl:input message="tns:GetCityForecastByZIPSoapIn"/>
      <wsdl:output message="tns:GetCityForecastByZIPSoapOut"/>
    </wsdl:operation>
    <wsdl:operation name="GetCityWeatherByZIP">
      <wsdl:documentation>Allows you to get your City's Weather, which is updated hourly. U.S. Only</wsdl:documentation>
      <wsdl:input message="tns:GetCityWeatherByZIPSoapIn"/>
      <wsdl:output message="tns:GetCityWeatherByZIPSoapOut"/>
    </wsdl:operation>
  </wsdl:portType>
  <wsdl:portType name="WeatherHttpGet">
    <wsdl:operation name="GetWeatherInformation">
      <wsdl:documentation>Gets Information for each WeatherID</wsdl:documentation>
      <wsdl:input message="tns:GetWeatherInformationHttpGetIn"/>
      <wsdl:output message="tns:GetWeatherInformationHttpGetOut"/>
    </wsdl:operation>
    <wsdl:operation name="GetCityForecastByZIP">
      <wsdl:documentation>Allows you to get your City Forecast Over the Next 7 Days, which is updated hourly. U.S. Only</wsdl:documentation>
      <wsdl:input message="tns:GetCityForecastByZIPHttpGetIn"/>
      <wsdl:output message="tns:GetCityForecastByZIPHttpGetOut"/>
    </wsdl:operation>
    <wsdl:operation name="GetCityWeatherByZIP">
      <wsdl:documentation>Allows you to get your City's Weather, which is updated hourly. U.S. Only</wsdl:documentation>
      <wsdl:input message="tns:GetCityWeatherByZIPHttpGetIn"/>
      <wsdl:output message="tns:GetCityWeatherByZIPHttpGetOut"/>
    </wsdl:operation>
  </wsdl:portType>
  <wsdl:portType name="WeatherHttpPost">
    <wsdl:operation name="GetWeatherInformation">
      <wsdl:documentation>Gets Information for each WeatherID</wsdl:documentation>
      <wsdl:input message="tns:GetWeatherInformationHttpPostIn"/>
      <wsdl:output message="tns:GetWeatherInformationHttpPostOut"/>
    </wsdl:operation>
    <wsdl:operation name="GetCityForecastByZIP">
      <wsdl:documentation>Allows you to get your City Forecast Over the Next 7 Days, which is updated hourly. U.S. Only</wsdl:documentation>
      <wsdl:input message="tns:GetCityForecastByZIPHttpPostIn"/>
      <wsdl:output message="tns:GetCityForecastByZIPHttpPostOut"/>
    </wsdl:operation>
    <wsdl:operation name="GetCityWeatherByZIP">
      <wsdl:documentation>Allows you to get your City's Weather, which is updated hourly. U.S. Only</wsdl:documentation>
      <wsdl:input message="tns:GetCityWeatherByZIPHttpPostIn"/>
      <wsdl:output message="tns:GetCityWeatherByZIPHttpPostOut"/>
    </wsdl:operation>
  </wsdl:portType>
  <wsdl:binding name="WeatherSoap" type="tns:WeatherSoap">
    <soap:binding transport="http://schemas.xmlsoap.org/soap/http"/>
    <wsdl:operation name="GetWeatherInformation">
      <soap:operation soapAction="http://ws.cdyne.com/WeatherWS/GetWeatherInformation" style="document"/>
      <wsdl:input>
        <soap:body use="literal"/>
      </wsdl:input>
      <wsdl:output>
        <soap:body use="literal"/>
      </wsdl:output>
    </wsdl:operation>
    <wsdl:operation name="GetCityForecastByZIP">
      <soap:operation soapAction="http://ws.cdyne.com/WeatherWS/GetCityForecastByZIP" style="document"/>
      <wsdl:input>
        <soap:body use="literal"/>
      </wsdl:input>
      <wsdl:output>
        <soap:body use="literal"/>
      </wsdl:output>
    </wsdl:operation>
    <wsdl:operation name="GetCityWeatherByZIP">
      <soap:operation soapAction="http://ws.cdyne.com/WeatherWS/GetCityWeatherByZIP" style="document"/>
      <wsdl:input>
        <soap:body use="literal"/>
      </wsdl:input>
      <wsdl:output>
        <soap:body use="literal"/>
      </wsdl:output>
    </wsdl:operation>
  </wsdl:binding>
  <wsdl:binding name="WeatherSoap12" type="tns:WeatherSoap">
    <soap12:binding transport="http://schemas.xmlsoap.org/soap/http"/>
    <wsdl:operation name="GetWeatherInformation">
      <soap12:operation soapAction="http://ws.cdyne.com/WeatherWS/GetWeatherInformation" style="document"/>
      <wsdl:input>
        <soap12:body use="literal"/>
      </wsdl:input>
      <wsdl:output>
        <soap12:body use="literal"/>
      </wsdl:output>
    </wsdl:operation>
    <wsdl:operation name="GetCityForecastByZIP">
      <soap12:operation soapAction="http://ws.cdyne.com/WeatherWS/GetCityForecastByZIP" style="document"/>
      <wsdl:input>
        <soap12:body use="literal"/>
      </wsdl:input>
      <wsdl:output>
        <soap12:body use="literal"/>
      </wsdl:output>
    </wsdl:operation>
    <wsdl:operation name="GetCityWeatherByZIP">
      <soap12:operation soapAction="http://ws.cdyne.com/WeatherWS/GetCityWeatherByZIP" style="document"/>
      <wsdl:input>
        <soap12:body use="literal"/>
      </wsdl:input>
      <wsdl:output>
        <soap12:body use="literal"/>
      </wsdl:output>
    </wsdl:operation>
  </wsdl:binding>
  <wsdl:binding name="WeatherHttpGet" type="tns:WeatherHttpGet">
    <http:binding verb="GET"/>
    <wsdl:operation name="GetWeatherInformation">
      <http:operation location="/GetWeatherInformation"/>
      <wsdl:input>
        <http:urlEncoded/>
      </wsdl:input>
      <wsdl:output>
        <mime:mimeXml part="Body"/>
      </wsdl:output>
    </wsdl:operation>
    <wsdl:operation name="GetCityForecastByZIP">
      <http:operation location="/GetCityForecastByZIP"/>
      <wsdl:input>
        <http:urlEncoded/>
      </wsdl:input>
      <wsdl:output>
        <mime:mimeXml part="Body"/>
      </wsdl:output>
    </wsdl:operation>
    <wsdl:operation name="GetCityWeatherByZIP">
      <http:operation location="/GetCityWeatherByZIP"/>
      <wsdl:input>
        <http:urlEncoded/>
      </wsdl:input>
      <wsdl:output>
        <mime:mimeXml part="Body"/>
      </wsdl:output>
    </wsdl:operation>
  </wsdl:binding>
  <wsdl:binding name="WeatherHttpPost" type="tns:WeatherHttpPost">
    <http:binding verb="POST"/>
    <wsdl:operation name="GetWeatherInformation">
      <http:operation location="/GetWeatherInformation"/>
      <wsdl:input>
        <mime:content type="application/x-www-form-urlencoded"/>
      </wsdl:input>
      <wsdl:output>
        <mime:mimeXml part="Body"/>
      </wsdl:output>
    </wsdl:operation>
    <wsdl:operation name="GetCityForecastByZIP">
      <http:operation location="/GetCityForecastByZIP"/>
      <wsdl:input>
        <mime:content type="application/x-www-form-urlencoded"/>
      </wsdl:input>
      <wsdl:output>
        <mime:mimeXml part="Body"/>
      </wsdl:output>
    </wsdl:operation>
    <wsdl:operation name="GetCityWeatherByZIP">
      <http:operation location="/GetCityWeatherByZIP"/>
      <wsdl:input>
        <mime:content type="application/x-www-form-urlencoded"/>
      </wsdl:input>
      <wsdl:output>
        <mime:mimeXml part="Body"/>
      </wsdl:output>
    </wsdl:operation>
  </wsdl:binding>
  <wsdl:service name="Weather">
    <wsdl:port name="WeatherSoap" binding="tns:WeatherSoap">
      <soap:address location="http://wsf.cdyne.com/WeatherWS/Weather.asmx"/>
    </wsdl:port>
    <wsdl:port name="WeatherSoap12" binding="tns:WeatherSoap12">
      <soap12:address location="http://wsf.cdyne.com/WeatherWS/Weather.asmx"/>
    </wsdl:port>
    <wsdl:port name="WeatherHttpGet" binding="tns:WeatherHttpGet">
      <http:address location="http://wsf.cdyne.com/WeatherWS/Weather.asmx"/>
    </wsdl:port>
    <wsdl:port name="WeatherHttpPost" binding="tns:WeatherHttpPost">
      <http:address location="http://wsf.cdyne.com/WeatherWS/Weather.asmx"/>
    </wsdl:port>
  </wsdl:service>
</wsdl:definitions>]]></con:content><con:type>http://schemas.xmlsoap.org/wsdl/</con:type></con:part></con:definitionCache><con:endpoints><con:endpoint>http://wsf.cdyne.com/WeatherWS/Weather.asmx</con:endpoint></con:endpoints><con:operation id="cad2c6fe-0ca8-439f-9e6d-f9903678ca54" isOneWay="false" action="http://ws.cdyne.com/WeatherWS/GetCityForecastByZIP" name="GetCityForecastByZIP" bindingOperationName="GetCityForecastByZIP" type="Request-Response" inputName="" receivesAttachments="false" sendsAttachments="false" anonymous="optional"><con:settings/><con:call id="d451d2ee-eefa-4c80-a88c-9ef2af80abc9" name="Request 1"><con:settings><con:setting id="com.eviware.soapui.impl.wsdl.WsdlRequest@request-headers">&lt;xml-fragment/></con:setting></con:settings><con:encoding>UTF-8</con:encoding><con:endpoint>http://wsf.cdyne.com/WeatherWS/Weather.asmx</con:endpoint><con:request><![CDATA[<soapenv:Envelope xmlns:soapenv="http://schemas.xmlsoap.org/soap/envelope/" xmlns:weat="http://ws.cdyne.com/WeatherWS/">
   <soapenv:Header/>
   <soapenv:Body>
      <weat:GetCityForecastByZIP>
         <!--Optional:-->
         <weat:ZIP>10001</weat:ZIP>
      </weat:GetCityForecastByZIP>
   </soapenv:Body>
</soapenv:Envelope>]]></con:request><con:credentials><con:authType>No Authorization</con:authType></con:credentials><con:jmsConfig JMSDeliveryMode="PERSISTENT"/><con:jmsPropertyConfig/><con:wsaConfig mustUnderstand="NONE" version="200508" action="http://ws.cdyne.com/WeatherWS/GetCityForecastByZIP"/><con:wsrmConfig version="1.2"/></con:call></con:operation><con:operation id="32acd239-1bed-433f-9f03-71c108356412" isOneWay="false" action="http://ws.cdyne.com/WeatherWS/GetCityWeatherByZIP" name="GetCityWeatherByZIP" bindingOperationName="GetCityWeatherByZIP" type="Request-Response" inputName="" receivesAttachments="false" sendsAttachments="false" anonymous="optional"><con:settings/><con:call id="1f8ecd47-0127-4d98-809b-a5a544463f40" name="Request 1"><con:settings/><con:encoding>UTF-8</con:encoding><con:endpoint>http://wsf.cdyne.com/WeatherWS/Weather.asmx</con:endpoint><con:request><![CDATA[<soapenv:Envelope xmlns:soapenv="http://schemas.xmlsoap.org/soap/envelope/" xmlns:weat="http://ws.cdyne.com/WeatherWS/">
   <soapenv:Header/>
   <soapenv:Body>
      <weat:GetCityWeatherByZIP>
         <!--Optional:-->
         <weat:ZIP>?</weat:ZIP>
      </weat:GetCityWeatherByZIP>
   </soapenv:Body>
</soapenv:Envelope>]]></con:request><con:wsaConfig mustUnderstand="NONE" version="200508" action="http://ws.cdyne.com/WeatherWS/GetCityWeatherByZIP"/></con:call></con:operation><con:operation id="48def20e-781e-400b-b82c-cf0bf188f880" isOneWay="false" action="http://ws.cdyne.com/WeatherWS/GetWeatherInformation" name="GetWeatherInformation" bindingOperationName="GetWeatherInformation" type="Request-Response" inputName="" receivesAttachments="false" sendsAttachments="false" anonymous="optional"><con:settings/><con:call id="76270e69-dde0-4596-984b-e8252eb67162" name="Request 1"><con:settings/><con:encoding>UTF-8</con:encoding><con:endpoint>http://wsf.cdyne.com/WeatherWS/Weather.asmx</con:endpoint><con:request><![CDATA[<soapenv:Envelope xmlns:soapenv="http://schemas.xmlsoap.org/soap/envelope/" xmlns:weat="http://ws.cdyne.com/WeatherWS/">
   <soapenv:Header/>
   <soapenv:Body>
      <weat:GetWeatherInformation/>
   </soapenv:Body>
</soapenv:Envelope>]]></con:request><con:wsaConfig mustUnderstand="NONE" version="200508" action="http://ws.cdyne.com/WeatherWS/GetWeatherInformation"/></con:call></con:operation></con:interface><con:properties/><con:wssContainer/><con:oAuth2ProfileContainer/></con:soapui-project>